This is pdfTeX, Version 3.1415926-2.4-1.40.13 (TeX Live 2012/Debian) (format=pdflatex 2013.4.11)  18 JUN 2013 17:02
entering extended mode
 restricted \write18 enabled.
 %&-line parsing enabled.
**mainETS.tex
(./mainETS.tex
LaTeX2e <2011/06/27>
Babel <v3.8m> and hyphenation patterns for english, dumylang, nohyphenation, fr
ench, basque, loaded.
(./thETS.cls
Document Class: thETS 2003/01/24 Standard ETS class
(/usr/share/texlive/texmf-dist/tex/latex/base/book.cls
Document Class: book 2007/10/19 v1.4h Standard LaTeX document class
(/usr/share/texlive/texmf-dist/tex/latex/base/bk12.clo
File: bk12.clo 2007/10/19 v1.4h Standard LaTeX file (size option)
)
\c@part=\count79
\c@chapter=\count80
\c@section=\count81
\c@subsection=\count82
\c@subsubsection=\count83
\c@paragraph=\count84
\c@subparagraph=\count85
\c@figure=\count86
\c@table=\count87
\abovecaptionskip=\skip41
\belowcaptionskip=\skip42
\bibindent=\dimen102
)
(/usr/share/texlive/texmf-dist/tex/latex/psnfss/times.sty
Package: times 2005/04/12 PSNFSS-v9.2a (SPQR) 
)
(/usr/share/texlive/texmf-dist/tex/generic/babel/babel.sty
Package: babel 2008/07/08 v3.8m The Babel package

(/usr/share/texlive/texmf-dist/tex/generic/babel/frenchb.ldf
Language: frenchb 2010/08/21 v2.5a French support from the babel system

(/usr/share/texlive/texmf-dist/tex/generic/babel/babel.def
File: babel.def 2008/07/08 v3.8m Babel common definitions
\babel@savecnt=\count88
\U@D=\dimen103
)
Package babel Info: Making : an active character on input line 234.
Package babel Info: Making ; an active character on input line 235.
Package babel Info: Making ! an active character on input line 236.
Package babel Info: Making ? an active character on input line 237.
\FB@Mht=\dimen104
\std@mcc=\count89
\dec@mcc=\count90
\parindentFFN=\dimen105

*************************************
* Local config file frenchb.cfg used
*
(/usr/share/texlive/texmf-dist/tex/generic/babel/frenchb.cfg)))
(/usr/share/texlive/texmf-dist/tex/latex/carlisle/scalefnt.sty)
(/usr/share/texlive/texmf-dist/tex/latex/graphics/keyval.sty
Package: keyval 1999/03/16 v1.13 key=value parser (DPC)
\KV@toks@=\toks14
)
(/usr/share/texlive/texmf-dist/tex/latex/base/inputenc.sty
Package: inputenc 2008/03/30 v1.1d Input encoding file
\inpenc@prehook=\toks15
\inpenc@posthook=\toks16

(/usr/share/texlive/texmf-dist/tex/latex/base/utf8.def
File: utf8.def 2008/04/05 v1.1m UTF-8 support for inputenc
Now handling font encoding OML ...
... no UTF-8 mapping file for font encoding OML
Now handling font encoding T1 ...
... processing UTF-8 mapping file for font encoding T1

(/usr/share/texlive/texmf-dist/tex/latex/base/t1enc.dfu
File: t1enc.dfu 2008/04/05 v1.1m UTF-8 support for inputenc
   defining Unicode char U+00A1 (decimal 161)
   defining Unicode char U+00A3 (decimal 163)
   defining Unicode char U+00AB (decimal 171)
   defining Unicode char U+00BB (decimal 187)
   defining Unicode char U+00BF (decimal 191)
   defining Unicode char U+00C0 (decimal 192)
   defining Unicode char U+00C1 (decimal 193)
   defining Unicode char U+00C2 (decimal 194)
   defining Unicode char U+00C3 (decimal 195)
   defining Unicode char U+00C4 (decimal 196)
   defining Unicode char U+00C5 (decimal 197)
   defining Unicode char U+00C6 (decimal 198)
   defining Unicode char U+00C7 (decimal 199)
   defining Unicode char U+00C8 (decimal 200)
   defining Unicode char U+00C9 (decimal 201)
   defining Unicode char U+00CA (decimal 202)
   defining Unicode char U+00CB (decimal 203)
   defining Unicode char U+00CC (decimal 204)
   defining Unicode char U+00CD (decimal 205)
   defining Unicode char U+00CE (decimal 206)
   defining Unicode char U+00CF (decimal 207)
   defining Unicode char U+00D0 (decimal 208)
   defining Unicode char U+00D1 (decimal 209)
   defining Unicode char U+00D2 (decimal 210)
   defining Unicode char U+00D3 (decimal 211)
   defining Unicode char U+00D4 (decimal 212)
   defining Unicode char U+00D5 (decimal 213)
   defining Unicode char U+00D6 (decimal 214)
   defining Unicode char U+00D8 (decimal 216)
   defining Unicode char U+00D9 (decimal 217)
   defining Unicode char U+00DA (decimal 218)
   defining Unicode char U+00DB (decimal 219)
   defining Unicode char U+00DC (decimal 220)
   defining Unicode char U+00DD (decimal 221)
   defining Unicode char U+00DE (decimal 222)
   defining Unicode char U+00DF (decimal 223)
   defining Unicode char U+00E0 (decimal 224)
   defining Unicode char U+00E1 (decimal 225)
   defining Unicode char U+00E2 (decimal 226)
   defining Unicode char U+00E3 (decimal 227)
   defining Unicode char U+00E4 (decimal 228)
   defining Unicode char U+00E5 (decimal 229)
   defining Unicode char U+00E6 (decimal 230)
   defining Unicode char U+00E7 (decimal 231)
   defining Unicode char U+00E8 (decimal 232)
   defining Unicode char U+00E9 (decimal 233)
   defining Unicode char U+00EA (decimal 234)
   defining Unicode char U+00EB (decimal 235)
   defining Unicode char U+00EC (decimal 236)
   defining Unicode char U+00ED (decimal 237)
   defining Unicode char U+00EE (decimal 238)
   defining Unicode char U+00EF (decimal 239)
   defining Unicode char U+00F0 (decimal 240)
   defining Unicode char U+00F1 (decimal 241)
   defining Unicode char U+00F2 (decimal 242)
   defining Unicode char U+00F3 (decimal 243)
   defining Unicode char U+00F4 (decimal 244)
   defining Unicode char U+00F5 (decimal 245)
   defining Unicode char U+00F6 (decimal 246)
   defining Unicode char U+00F8 (decimal 248)
   defining Unicode char U+00F9 (decimal 249)
   defining Unicode char U+00FA (decimal 250)
   defining Unicode char U+00FB (decimal 251)
   defining Unicode char U+00FC (decimal 252)
   defining Unicode char U+00FD (decimal 253)
   defining Unicode char U+00FE (decimal 254)
   defining Unicode char U+00FF (decimal 255)
   defining Unicode char U+0102 (decimal 258)
   defining Unicode char U+0103 (decimal 259)
   defining Unicode char U+0104 (decimal 260)
   defining Unicode char U+0105 (decimal 261)
   defining Unicode char U+0106 (decimal 262)
   defining Unicode char U+0107 (decimal 263)
   defining Unicode char U+010C (decimal 268)
   defining Unicode char U+010D (decimal 269)
   defining Unicode char U+010E (decimal 270)
   defining Unicode char U+010F (decimal 271)
   defining Unicode char U+0110 (decimal 272)
   defining Unicode char U+0111 (decimal 273)
   defining Unicode char U+0118 (decimal 280)
   defining Unicode char U+0119 (decimal 281)
   defining Unicode char U+011A (decimal 282)
   defining Unicode char U+011B (decimal 283)
   defining Unicode char U+011E (decimal 286)
   defining Unicode char U+011F (decimal 287)
   defining Unicode char U+0130 (decimal 304)
   defining Unicode char U+0131 (decimal 305)
   defining Unicode char U+0132 (decimal 306)
   defining Unicode char U+0133 (decimal 307)
   defining Unicode char U+0139 (decimal 313)
   defining Unicode char U+013A (decimal 314)
   defining Unicode char U+013D (decimal 317)
   defining Unicode char U+013E (decimal 318)
   defining Unicode char U+0141 (decimal 321)
   defining Unicode char U+0142 (decimal 322)
   defining Unicode char U+0143 (decimal 323)
   defining Unicode char U+0144 (decimal 324)
   defining Unicode char U+0147 (decimal 327)
   defining Unicode char U+0148 (decimal 328)
   defining Unicode char U+014A (decimal 330)
   defining Unicode char U+014B (decimal 331)
   defining Unicode char U+0150 (decimal 336)
   defining Unicode char U+0151 (decimal 337)
   defining Unicode char U+0152 (decimal 338)
   defining Unicode char U+0153 (decimal 339)
   defining Unicode char U+0154 (decimal 340)
   defining Unicode char U+0155 (decimal 341)
   defining Unicode char U+0158 (decimal 344)
   defining Unicode char U+0159 (decimal 345)
   defining Unicode char U+015A (decimal 346)
   defining Unicode char U+015B (decimal 347)
   defining Unicode char U+015E (decimal 350)
   defining Unicode char U+015F (decimal 351)
   defining Unicode char U+0160 (decimal 352)
   defining Unicode char U+0161 (decimal 353)
   defining Unicode char U+0162 (decimal 354)
   defining Unicode char U+0163 (decimal 355)
   defining Unicode char U+0164 (decimal 356)
   defining Unicode char U+0165 (decimal 357)
   defining Unicode char U+016E (decimal 366)
   defining Unicode char U+016F (decimal 367)
   defining Unicode char U+0170 (decimal 368)
   defining Unicode char U+0171 (decimal 369)
   defining Unicode char U+0178 (decimal 376)
   defining Unicode char U+0179 (decimal 377)
   defining Unicode char U+017A (decimal 378)
   defining Unicode char U+017B (decimal 379)
   defining Unicode char U+017C (decimal 380)
   defining Unicode char U+017D (decimal 381)
   defining Unicode char U+017E (decimal 382)
   defining Unicode char U+200C (decimal 8204)
   defining Unicode char U+2013 (decimal 8211)
   defining Unicode char U+2014 (decimal 8212)
   defining Unicode char U+2018 (decimal 8216)
   defining Unicode char U+2019 (decimal 8217)
   defining Unicode char U+201A (decimal 8218)
   defining Unicode char U+201C (decimal 8220)
   defining Unicode char U+201D (decimal 8221)
   defining Unicode char U+201E (decimal 8222)
   defining Unicode char U+2030 (decimal 8240)
   defining Unicode char U+2031 (decimal 8241)
   defining Unicode char U+2039 (decimal 8249)
   defining Unicode char U+203A (decimal 8250)
   defining Unicode char U+2423 (decimal 9251)
)
Now handling font encoding OT1 ...
... processing UTF-8 mapping file for font encoding OT1

(/usr/share/texlive/texmf-dist/tex/latex/base/ot1enc.dfu
File: ot1enc.dfu 2008/04/05 v1.1m UTF-8 support for inputenc
   defining Unicode char U+00A1 (decimal 161)
   defining Unicode char U+00A3 (decimal 163)
   defining Unicode char U+00B8 (decimal 184)
   defining Unicode char U+00BF (decimal 191)
   defining Unicode char U+00C5 (decimal 197)
   defining Unicode char U+00C6 (decimal 198)
   defining Unicode char U+00D8 (decimal 216)
   defining Unicode char U+00DF (decimal 223)
   defining Unicode char U+00E6 (decimal 230)
   defining Unicode char U+00EC (decimal 236)
   defining Unicode char U+00ED (decimal 237)
   defining Unicode char U+00EE (decimal 238)
   defining Unicode char U+00EF (decimal 239)
   defining Unicode char U+00F8 (decimal 248)
   defining Unicode char U+0131 (decimal 305)
   defining Unicode char U+0141 (decimal 321)
   defining Unicode char U+0142 (decimal 322)
   defining Unicode char U+0152 (decimal 338)
   defining Unicode char U+0153 (decimal 339)
   defining Unicode char U+2013 (decimal 8211)
   defining Unicode char U+2014 (decimal 8212)
   defining Unicode char U+2018 (decimal 8216)
   defining Unicode char U+2019 (decimal 8217)
   defining Unicode char U+201C (decimal 8220)
   defining Unicode char U+201D (decimal 8221)
)
Now handling font encoding OMS ...
... processing UTF-8 mapping file for font encoding OMS

(/usr/share/texlive/texmf-dist/tex/latex/base/omsenc.dfu
File: omsenc.dfu 2008/04/05 v1.1m UTF-8 support for inputenc
   defining Unicode char U+00A7 (decimal 167)
   defining Unicode char U+00B6 (decimal 182)
   defining Unicode char U+00B7 (decimal 183)
   defining Unicode char U+2020 (decimal 8224)
   defining Unicode char U+2021 (decimal 8225)
   defining Unicode char U+2022 (decimal 8226)
)
Now handling font encoding OMX ...
... no UTF-8 mapping file for font encoding OMX
Now handling font encoding U ...
... no UTF-8 mapping file for font encoding U
   defining Unicode char U+00A9 (decimal 169)
   defining Unicode char U+00AA (decimal 170)
   defining Unicode char U+00AE (decimal 174)
   defining Unicode char U+00BA (decimal 186)
   defining Unicode char U+02C6 (decimal 710)
   defining Unicode char U+02DC (decimal 732)
   defining Unicode char U+200C (decimal 8204)
   defining Unicode char U+2026 (decimal 8230)
   defining Unicode char U+2122 (decimal 8482)
   defining Unicode char U+2423 (decimal 9251)
))
(/usr/share/texlive/texmf-dist/tex/latex/base/fontenc.sty
Package: fontenc 2005/09/27 v1.99g Standard LaTeX package

(/usr/share/texlive/texmf-dist/tex/latex/base/t1enc.def
File: t1enc.def 2005/09/27 v1.99g Standard LaTeX file
LaTeX Font Info:    Redeclaring font encoding T1 on input line 43.
))
(/usr/share/texlive/texmf-dist/tex/latex/tools/calc.sty
Package: calc 2007/08/22 v4.3 Infix arithmetic (KKT,FJ)
\calc@Acount=\count91
\calc@Bcount=\count92
\calc@Adimen=\dimen106
\calc@Bdimen=\dimen107
\calc@Askip=\skip43
\calc@Bskip=\skip44
LaTeX Info: Redefining \setlength on input line 76.
LaTeX Info: Redefining \addtolength on input line 77.
\calc@Ccount=\count93
\calc@Cskip=\skip45
)
(/usr/share/texlive/texmf-dist/tex/latex/setspace/setspace.sty
Package: setspace 2011/12/19 v6.7a set line spacing
)
(/usr/share/texlive/texmf-dist/tex/latex/base/ifthen.sty
Package: ifthen 2001/05/26 v1.1c Standard LaTeX ifthen package (DPC)
)
(/usr/share/texlive/texmf-dist/tex/latex/amsfonts/amsfonts.sty
Package: amsfonts 2009/06/22 v3.00 Basic AMSFonts support
\@emptytoks=\toks17
\symAMSa=\mathgroup4
\symAMSb=\mathgroup5
LaTeX Font Info:    Overwriting math alphabet `\mathfrak' in version `bold'
(Font)                  U/euf/m/n --> U/euf/b/n on input line 96.
)
(/usr/share/texlive/texmf-dist/tex/latex/amsmath/amsmath.sty
Package: amsmath 2000/07/18 v2.13 AMS math features
\@mathmargin=\skip46

For additional information on amsmath, use the `?' option.
(/usr/share/texlive/texmf-dist/tex/latex/amsmath/amstext.sty
Package: amstext 2000/06/29 v2.01

(/usr/share/texlive/texmf-dist/tex/latex/amsmath/amsgen.sty
File: amsgen.sty 1999/11/30 v2.0
\@emptytoks=\toks18
\ex@=\dimen108
))
(/usr/share/texlive/texmf-dist/tex/latex/amsmath/amsbsy.sty
Package: amsbsy 1999/11/29 v1.2d
\pmbraise@=\dimen109
)
(/usr/share/texlive/texmf-dist/tex/latex/amsmath/amsopn.sty
Package: amsopn 1999/12/14 v2.01 operator names
)
\inf@bad=\count94
LaTeX Info: Redefining \frac on input line 211.
\uproot@=\count95
\leftroot@=\count96
LaTeX Info: Redefining \overline on input line 307.
\classnum@=\count97
\DOTSCASE@=\count98
LaTeX Info: Redefining \ldots on input line 379.
LaTeX Info: Redefining \dots on input line 382.
LaTeX Info: Redefining \cdots on input line 467.
\Mathstrutbox@=\box26
\strutbox@=\box27
\big@size=\dimen110
LaTeX Font Info:    Redeclaring font encoding OML on input line 567.
LaTeX Font Info:    Redeclaring font encoding OMS on input line 568.
\macc@depth=\count99
\c@MaxMatrixCols=\count100
\dotsspace@=\muskip10
\c@parentequation=\count101
\dspbrk@lvl=\count102
\tag@help=\toks19
\row@=\count103
\column@=\count104
\maxfields@=\count105
\andhelp@=\toks20
\eqnshift@=\dimen111
\alignsep@=\dimen112
\tagshift@=\dimen113
\tagwidth@=\dimen114
\totwidth@=\dimen115
\lineht@=\dimen116
\@envbody=\toks21
\multlinegap=\skip47
\multlinetaggap=\skip48
\mathdisplay@stack=\toks22
LaTeX Info: Redefining \[ on input line 2666.
LaTeX Info: Redefining \] on input line 2667.
)
(/usr/share/texlive/texmf-dist/tex/latex/amsfonts/amssymb.sty
Package: amssymb 2009/06/22 v3.00
)
(/usr/share/texlive/texmf-dist/tex/latex/amsmath/amsxtra.sty
Package: amsxtra 1999/11/15 v1.2c
LaTeX Info: Redefining \nobreakspace on input line 77.
)
(/usr/share/texlive/texmf-dist/tex/latex/tools/longtable.sty
Package: longtable 2004/02/01 v4.11 Multi-page Table package (DPC)
\LTleft=\skip49
\LTright=\skip50
\LTpre=\skip51
\LTpost=\skip52
\LTchunksize=\count106
\LTcapwidth=\dimen117
\LT@head=\box28
\LT@firsthead=\box29
\LT@foot=\box30
\LT@lastfoot=\box31
\LT@cols=\count107
\LT@rows=\count108
\c@LT@tables=\count109
\c@LT@chunks=\count110
\LT@p@ftn=\toks23
)
(/usr/share/texlive/texmf-dist/tex/latex/float/float.sty
Package: float 2001/11/08 v1.3d Float enhancements (AL)
\c@float@type=\count111
\float@exts=\toks24
\float@box=\box32
\@float@everytoks=\toks25
\@floatcapt=\box33
)
(/usr/share/texlive/texmf-dist/tex/latex/listings/listings.sty
\lst@mode=\count112
\lst@gtempboxa=\box34
\lst@token=\toks26
\lst@length=\count113
\lst@currlwidth=\dimen118
\lst@column=\count114
\lst@pos=\count115
\lst@lostspace=\dimen119
\lst@width=\dimen120
\lst@newlines=\count116
\lst@lineno=\count117
\lst@maxwidth=\dimen121

(/usr/share/texlive/texmf-dist/tex/latex/listings/lstmisc.sty
File: lstmisc.sty 2007/02/22 1.4 (Carsten Heinz)
\c@lstnumber=\count118
\lst@skipnumbers=\count119
\lst@framebox=\box35
)
(/usr/share/texlive/texmf-dist/tex/latex/listings/listings.cfg
File: listings.cfg 2007/02/22 1.4 listings configuration
))
Package: listings 2007/02/22 1.4 (Carsten Heinz)

(/usr/share/texlive/texmf-dist/tex/latex/geometry/geometry.sty
Package: geometry 2010/09/12 v5.6 Page Geometry

(/usr/share/texlive/texmf-dist/tex/generic/oberdiek/ifpdf.sty
Package: ifpdf 2011/01/30 v2.3 Provides the ifpdf switch (HO)
Package ifpdf Info: pdfTeX in PDF mode is detected.
)
(/usr/share/texlive/texmf-dist/tex/generic/oberdiek/ifvtex.sty
Package: ifvtex 2010/03/01 v1.5 Detect VTeX and its facilities (HO)
Package ifvtex Info: VTeX not detected.
)
(/usr/share/texlive/texmf-dist/tex/generic/ifxetex/ifxetex.sty
Package: ifxetex 2010/09/12 v0.6 Provides ifxetex conditional
)
\Gm@cnth=\count120
\Gm@cntv=\count121
\c@Gm@tempcnt=\count122
\Gm@bindingoffset=\dimen122
\Gm@wd@mp=\dimen123
\Gm@odd@mp=\dimen124
\Gm@even@mp=\dimen125
\Gm@layoutwidth=\dimen126
\Gm@layoutheight=\dimen127
\Gm@layouthoffset=\dimen128
\Gm@layoutvoffset=\dimen129
\Gm@dimlist=\toks27
)
(/usr/share/texlive/texmf-dist/tex/latex/fancyhdr/fancyhdr.sty
\fancy@headwidth=\skip53
\f@ncyO@elh=\skip54
\f@ncyO@erh=\skip55
\f@ncyO@olh=\skip56
\f@ncyO@orh=\skip57
\f@ncyO@elf=\skip58
\f@ncyO@erf=\skip59
\f@ncyO@olf=\skip60
\f@ncyO@orf=\skip61
)
(/usr/share/texlive/texmf-dist/tex/latex/subfig/subfig.sty
Package: subfig 2005/06/28 ver: 1.3 subfig package

(/usr/share/texlive/texmf-dist/tex/latex/caption/caption3.sty
Package: caption3 2012/01/12 v1.4b caption3 kernel (AR)
\captionmargin=\dimen130
\captionmargin@=\dimen131
\captionwidth=\dimen132
\caption@indent=\dimen133
\caption@parindent=\dimen134
\caption@hangindent=\dimen135
)
\c@KVtest=\count123
\sf@farskip=\skip62
\sf@captopadj=\dimen136
\sf@capskip=\skip63
\sf@nearskip=\skip64
\c@subfigure=\count124
\c@subfigure@save=\count125
\c@lofdepth=\count126
\c@subtable=\count127
\c@subtable@save=\count128
\c@lotdepth=\count129
\sf@top=\skip65
\sf@bottom=\skip66
)
(/usr/share/texlive/texmf-dist/tex/latex/tabto-ltx/tabto.sty
\CurrentLineWidth=\dimen137
)
(/usr/share/texlive/texmf-dist/tex/latex/hyperref/hyperref.sty
Package: hyperref 2012/05/13 v6.82q Hypertext links for LaTeX

(/usr/share/texlive/texmf-dist/tex/generic/oberdiek/hobsub-hyperref.sty
Package: hobsub-hyperref 2012/05/28 v1.13 Bundle oberdiek, subset hyperref (HO)


(/usr/share/texlive/texmf-dist/tex/generic/oberdiek/hobsub-generic.sty
Package: hobsub-generic 2012/05/28 v1.13 Bundle oberdiek, subset generic (HO)
Package: hobsub 2012/05/28 v1.13 Construct package bundles (HO)
Package: infwarerr 2010/04/08 v1.3 Providing info/warning/error messages (HO)
Package: ltxcmds 2011/11/09 v1.22 LaTeX kernel commands for general use (HO)
Package: ifluatex 2010/03/01 v1.3 Provides the ifluatex switch (HO)
Package ifluatex Info: LuaTeX not detected.
Package hobsub Info: Skipping package `ifvtex' (already loaded).
Package: intcalc 2007/09/27 v1.1 Expandable calculations with integers (HO)
Package hobsub Info: Skipping package `ifpdf' (already loaded).
Package: etexcmds 2011/02/16 v1.5 Avoid name clashes with e-TeX commands (HO)
Package etexcmds Info: Could not find \expanded.
(etexcmds)             That can mean that you are not using pdfTeX 1.50 or
(etexcmds)             that some package has redefined \expanded.
(etexcmds)             In the latter case, load this package earlier.
Package: kvsetkeys 2012/04/25 v1.16 Key value parser (HO)
Package: kvdefinekeys 2011/04/07 v1.3 Define keys (HO)
Package: pdftexcmds 2011/11/29 v0.20 Utility functions of pdfTeX for LuaTeX (HO
)
Package pdftexcmds Info: LuaTeX not detected.
Package pdftexcmds Info: \pdf@primitive is available.
Package pdftexcmds Info: \pdf@ifprimitive is available.
Package pdftexcmds Info: \pdfdraftmode found.
Package: pdfescape 2011/11/25 v1.13 Implements pdfTeX's escape features (HO)
Package: bigintcalc 2012/04/08 v1.3 Expandable calculations on big integers (HO
)
Package: bitset 2011/01/30 v1.1 Handle bit-vector datatype (HO)
Package: uniquecounter 2011/01/30 v1.2 Provide unlimited unique counter (HO)
)
Package hobsub Info: Skipping package `hobsub' (already loaded).
Package: letltxmacro 2010/09/02 v1.4 Let assignment for LaTeX macros (HO)
Package: hopatch 2012/05/28 v1.2 Wrapper for package hooks (HO)
Package: xcolor-patch 2011/01/30 xcolor patch
Package: atveryend 2011/06/30 v1.8 Hooks at the very end of document (HO)
Package atveryend Info: \enddocument detected (standard20110627).
Package: atbegshi 2011/10/05 v1.16 At begin shipout hook (HO)
Package: refcount 2011/10/16 v3.4 Data extraction from label references (HO)
Package: hycolor 2011/01/30 v1.7 Color options for hyperref/bookmark (HO)
)
(/usr/share/texlive/texmf-dist/tex/latex/oberdiek/kvoptions.sty
Package: kvoptions 2011/06/30 v3.11 Key value format for package options (HO)
)
\@linkdim=\dimen138
\Hy@linkcounter=\count130
\Hy@pagecounter=\count131

(/usr/share/texlive/texmf-dist/tex/latex/hyperref/pd1enc.def
File: pd1enc.def 2012/05/13 v6.82q Hyperref: PDFDocEncoding definition (HO)
Now handling font encoding PD1 ...
... no UTF-8 mapping file for font encoding PD1
)
\Hy@SavedSpaceFactor=\count132

(/usr/share/texlive/texmf-dist/tex/latex/latexconfig/hyperref.cfg
File: hyperref.cfg 2002/06/06 v1.2 hyperref configuration of TeXLive
)
Package hyperref Info: Option `bookmarks' set `true' on input line 3941.
Package hyperref Info: Option `bookmarksnumbered' set `false' on input line 394
1.
Package hyperref Info: Option `bookmarksopen' set `true' on input line 3941.
Package hyperref Info: Option `hypertexnames' set `false' on input line 3941.
Package hyperref Info: Hyper figures OFF on input line 4062.
Package hyperref Info: Link nesting OFF on input line 4067.
Package hyperref Info: Hyper index ON on input line 4070.
Package hyperref Info: Plain pages OFF on input line 4077.
Package hyperref Info: Backreferencing OFF on input line 4082.
Package hyperref Info: Implicit mode ON; LaTeX internals redefined.
Package hyperref Info: Bookmarks ON on input line 4300.
\c@Hy@tempcnt=\count133

(/usr/share/texlive/texmf-dist/tex/latex/url/url.sty
\Urlmuskip=\muskip11
Package: url 2006/04/12  ver 3.3  Verb mode for urls, etc.
)
LaTeX Info: Redefining \url on input line 4653.
\Fld@menulength=\count134
\Field@Width=\dimen139
\Fld@charsize=\dimen140
Package hyperref Info: Hyper figures OFF on input line 5773.
Package hyperref Info: Link nesting OFF on input line 5778.
Package hyperref Info: Hyper index ON on input line 5781.
Package hyperref Info: backreferencing OFF on input line 5788.
Package hyperref Info: Link coloring OFF on input line 5793.
Package hyperref Info: Link coloring with OCG OFF on input line 5798.
Package hyperref Info: PDF/A mode OFF on input line 5803.
LaTeX Info: Redefining \ref on input line 5843.
LaTeX Info: Redefining \pageref on input line 5847.
\Hy@abspage=\count135
\c@Item=\count136
\c@Hfootnote=\count137
)

Package hyperref Message: Driver (autodetected): hpdftex.

(/usr/share/texlive/texmf-dist/tex/latex/hyperref/hpdftex.def
File: hpdftex.def 2012/05/13 v6.82q Hyperref driver for pdfTeX
\Fld@listcount=\count138
\c@bookmark@seq@number=\count139

(/usr/share/texlive/texmf-dist/tex/latex/oberdiek/rerunfilecheck.sty
Package: rerunfilecheck 2011/04/15 v1.7 Rerun checks for auxiliary files (HO)
Package uniquecounter Info: New unique counter `rerunfilecheck' on input line 2
82.
)
\Hy@SectionHShift=\skip67
)
(/usr/share/texlive/texmf-dist/tex/latex/caption/caption.sty
Package: caption 2012/02/19 v3.2f Customizing captions (AR)
\c@ContinuedFloat=\count140
Package caption Info: float package is loaded.
Package caption Info: hyperref package is loaded.
Package caption Info: listings package is loaded.
Package caption Info: longtable package is loaded.

(/usr/share/texlive/texmf-dist/tex/latex/caption/ltcaption.sty
Package: ltcaption 2011/09/12 v1.3 longtable captions (AR)
))
(/usr/share/texlive/texmf-dist/tex/latex/amscls/amsthm.sty
Package: amsthm 2009/07/02 v2.20.1
\thm@style=\toks28
\thm@bodyfont=\toks29
\thm@headfont=\toks30
\thm@notefont=\toks31
\thm@headpunct=\toks32
\thm@preskip=\skip68
\thm@postskip=\skip69
\thm@headsep=\skip70
\dth@everypar=\toks33
)
\largChap=\skip71
\largNum=\skip72
\tocRightMargin=\skip73
\tocLeftMarginSecondLine=\skip74
\tocLeftMarginSecondLineChapter=\skip75
\tocLeftMarginSecondLineFigure=\skip76
\tocLeftMarginSecondLineTable=\skip77
\NameOfNewDefinedLength=\skip78
\descril=\skip79
\largetiqfig=\skip80
\larglegendfig=\skip81
\tempabovecaptionskip=\skip82

(/usr/share/texlive/texmf-dist/tex/latex/caption/newfloat.sty
Package: newfloat 2011/11/16 v1.0a Defining new floating environments (AR)
)
Package newfloat Info: New float `figureap' with options `' on input line 1185.

\c@figureap=\count141
Package newfloat Info: float type `figureap'=4 on input line 1185.
\c@lofigureapdepth=\count142
\c@subfigureap=\count143
\c@subfigureap@save=\count144
Package newfloat Info: New float `tableap' with options `' on input line 1201.
\c@tableap=\count145
Package newfloat Info: float type `tableap'=8 on input line 1201.
\c@lotableapdepth=\count146
\c@definition=\count147
)
(/usr/share/texlive/texmf-dist/tex/latex/graphics/graphicx.sty
Package: graphicx 1999/02/16 v1.0f Enhanced LaTeX Graphics (DPC,SPQR)

(/usr/share/texlive/texmf-dist/tex/latex/graphics/graphics.sty
Package: graphics 2009/02/05 v1.0o Standard LaTeX Graphics (DPC,SPQR)

(/usr/share/texlive/texmf-dist/tex/latex/graphics/trig.sty
Package: trig 1999/03/16 v1.09 sin cos tan (DPC)
)
(/usr/share/texlive/texmf-dist/tex/latex/latexconfig/graphics.cfg
File: graphics.cfg 2010/04/23 v1.9 graphics configuration of TeX Live
)
Package graphics Info: Driver file: pdftex.def on input line 91.

(/usr/share/texlive/texmf-dist/tex/latex/pdftex-def/pdftex.def
File: pdftex.def 2011/05/27 v0.06d Graphics/color for pdfTeX
\Gread@gobject=\count148
))
\Gin@req@height=\dimen141
\Gin@req@width=\dimen142
)
(./natbibETS.sty
Package: natbibETS 2000/07/24 7.0a (PWD)
\bibhang=\skip83
\bibsep=\skip84
LaTeX Info: Redefining \cite on input line 526.
\c@NAT@ctr=\count149
)
(/usr/share/texlive/texmf-dist/tex/latex/multibib/multibib.sty
Package: multibib 2008/12/10 v1.4 Multiple bibliographies for one document.
\mb@biblabelwidth=\count150
)
\@auxoutrefs=\write3
 (./refs.aux)
\openout3 = `refs.aux'.


(./mainETS.aux

LaTeX Warning: Label `fig:inverseur' multiply defined.


LaTeX Warning: Label `fig:effstats' multiply defined.


LaTeX Warning: Label `fig:effstats' multiply defined.

)
\openout1 = `mainETS.aux'.

LaTeX Font Info:    Checking defaults for OML/cmm/m/it on input line 67.
LaTeX Font Info:    ... okay on input line 67.
LaTeX Font Info:    Checking defaults for T1/cmr/m/n on input line 67.
LaTeX Font Info:    ... okay on input line 67.
LaTeX Font Info:    Checking defaults for OT1/cmr/m/n on input line 67.
LaTeX Font Info:    ... okay on input line 67.
LaTeX Font Info:    Checking defaults for OMS/cmsy/m/n on input line 67.
LaTeX Font Info:    ... okay on input line 67.
LaTeX Font Info:    Checking defaults for OMX/cmex/m/n on input line 67.
LaTeX Font Info:    ... okay on input line 67.
LaTeX Font Info:    Checking defaults for U/cmr/m/n on input line 67.
LaTeX Font Info:    ... okay on input line 67.
LaTeX Font Info:    Checking defaults for PD1/pdf/m/n on input line 67.
LaTeX Font Info:    ... okay on input line 67.
LaTeX Font Info:    Try loading font information for T1+ptm on input line 67.
 (/usr/share/texlive/texmf-dist/tex/latex/psnfss/t1ptm.fd
File: t1ptm.fd 2001/06/04 font definitions for T1/ptm.
)
LaTeX Info: Redefining \degres on input line 67.
LaTeX Info: Redefining \dots on input line 67.
LaTeX Info: Redefining \up on input line 67.
\c@lstlisting=\count151

*geometry* driver: auto-detecting
*geometry* detected driver: pdftex
*geometry* verbose mode - [ preamble ] result:
* driver: pdftex
* paper: letterpaper
* layout: <same size as paper>
* layoutoffset:(h,v)=(0.0pt,0.0pt)
* modes: twoside 
* h-part:(L,W,R)=(108.405pt, 451.6875pt, 54.2025pt)
* v-part:(T,H,B)=(108.405pt, 644.64827pt, 41.91672pt)
* \paperwidth=614.295pt
* \paperheight=794.96999pt
* \textwidth=451.6875pt
* \textheight=644.64827pt
* \oddsidemargin=36.13501pt
* \evensidemargin=-18.06749pt
* \topmargin=-28.18524pt
* \headheight=15.0pt
* \headsep=40.47102pt
* \topskip=12.0pt
* \footskip=30.0pt
* \marginparwidth=98.0pt
* \marginparsep=7.0pt
* \columnsep=10.0pt
* \skip\footins=10.8pt plus 4.0pt minus 2.0pt
* \hoffset=0.0pt
* \voffset=0.0pt
* \mag=1000
* \@twocolumnfalse
* \@twosidetrue
* \@mparswitchtrue
* \@reversemarginfalse
* (1in=72.27pt=25.4mm, 1cm=28.453pt)

Package caption Info: Begin \AtBeginDocument code.
Package caption Info: subfig package v1.3 is loaded.
Package caption Info: End \AtBeginDocument code.
\AtBeginShipoutBox=\box36
Package hyperref Info: Link coloring OFF on input line 67.
(/usr/share/texlive/texmf-dist/tex/latex/hyperref/nameref.sty
Package: nameref 2010/04/30 v2.40 Cross-referencing by name of section

(/usr/share/texlive/texmf-dist/tex/generic/oberdiek/gettitlestring.sty
Package: gettitlestring 2010/12/03 v1.4 Cleanup title references (HO)
)
\c@section@level=\count152
)
LaTeX Info: Redefining \ref on input line 67.
LaTeX Info: Redefining \pageref on input line 67.
LaTeX Info: Redefining \nameref on input line 67.

(./mainETS.out) (./mainETS.out)
\@outlinefile=\write4
\openout4 = `mainETS.out'.


(/usr/share/texlive/texmf-dist/tex/context/base/supp-pdf.mkii
[Loading MPS to PDF converter (version 2006.09.02).]
\scratchcounter=\count153
\scratchdimen=\dimen143
\scratchbox=\box37
\nofMPsegments=\count154
\nofMParguments=\count155
\everyMPshowfont=\toks34
\MPscratchCnt=\count156
\MPscratchDim=\dimen144
\MPnumerator=\count157
\makeMPintoPDFobject=\count158
\everyMPtoPDFconversion=\toks35
) (/usr/share/texlive/texmf-dist/tex/latex/oberdiek/epstopdf-base.sty
Package: epstopdf-base 2010/02/09 v2.5 Base part for package epstopdf

(/usr/share/texlive/texmf-dist/tex/latex/oberdiek/grfext.sty
Package: grfext 2010/08/19 v1.1 Manage graphics extensions (HO)
)
Package grfext Info: Graphics extension search list:
(grfext)             [.png,.pdf,.jpg,.mps,.jpeg,.jbig2,.jb2,.PNG,.PDF,.JPG,.JPE
G,.JBIG2,.JB2,.eps]
(grfext)             \AppendGraphicsExtensions on input line 452.

(/usr/share/texlive/texmf-dist/tex/latex/latexconfig/epstopdf-sys.cfg
File: epstopdf-sys.cfg 2010/07/13 v1.3 Configuration of (r)epstopdf for TeX Liv
e
))
<Figures/logocc.pdf, id=273, 121.45375pt x 43.16125pt>
File: Figures/logocc.pdf Graphic file (type pdf)

<use Figures/logocc.pdf>
Package pdftex.def Info: Figures/logocc.pdf used on input line 74.
(pdftex.def)             Requested size: 50.1875pt x 17.83517pt.
 [1



{/var/lib/texmf/fonts/map/pdftex/updmap/pdftex.map} <./Figures/logocc.pdf>]
File: Figures/logocc.pdf Graphic file (type pdf)
 <use Figures/logocc.pdf>
Package pdftex.def Info: Figures/logocc.pdf used on input line 74.
(pdftex.def)             Requested size: 50.1875pt x 17.83517pt.
LaTeX Font Info:    Try loading font information for U+msa on input line 74.

(/usr/share/texlive/texmf-dist/tex/latex/amsfonts/umsa.fd
File: umsa.fd 2009/06/22 v3.00 AMS symbols A
)
LaTeX Font Info:    Try loading font information for U+msb on input line 74.

(/usr/share/texlive/texmf-dist/tex/latex/amsfonts/umsb.fd
File: umsb.fd 2009/06/22 v3.00 AMS symbols B
) [2

]
LaTeX Font Info:    Font shape `T1/ptm/bx/n' in size <12> not available
(Font)              Font shape `T1/ptm/b/n' tried instead on input line 79.
 [3] [4

] [5

]
[6

] [7] [8

]
Overfull \hbox (6.49248pt too wide) in paragraph at lines 104--105
[]\T1/ptm/m/n/12 Les bles-sés mé-dul-laires de haut ni-veau lé-sion-nel n'ont p
lus l'usage de leurs bras, mais conservent
 []

\stringwidth=\dimen145
[9] [10]
\stringwidth=\dimen146
 [11


] [12

] (./mainETS.toc [13

])
\tf@toc=\write5
\openout5 = `mainETS.toc'.

 [14] (./mainETS.lot)
\tf@lot=\write6
\openout6 = `mainETS.lot'.

 [15

] [16

]
(./mainETS.lof
Underfull \hbox (badness 2418) in paragraph at lines 5--5
  \T1/ptm/m/n/12 Figure[][][]Muscle sterno-cléïdo mastoïdien et muscles du cou.
Tiré de 
 []


Underfull \hbox (badness 1565) in paragraph at lines 8--8
 \T1/ptm/m/n/12 nécessaire au bon fonctionnement du PIC32 sont également 
 []


Underfull \hbox (badness 2012) in paragraph at lines 12--12
  \T1/ptm/m/n/12 Figure[][][]Circuit de câblage type du composant max3232, extr
ait de 
 []

[17]
Underfull \hbox (badness 2435) in paragraph at lines 26--26
  \T1/ptm/m/n/12 Figure[][][]Capture d'écran de l'interface graphique du progra
mme de 
 []


Underfull \hbox (badness 2435) in paragraph at lines 27--27
  \T1/ptm/m/n/12 Figure[][][]Capture d'écran de l'interface graphique du progra
mme de 
 []


Underfull \hbox (badness 2435) in paragraph at lines 28--28
  \T1/ptm/m/n/12 Figure[][][]Capture d'écran de l'interface graphique du progra
mme de 
 []

[18])
\tf@lof=\write7
\openout7 = `mainETS.lof'.

 [19] [20

]
Underfull \hbox (badness 10000) detected at line 155
 []
 []


Underfull \hbox (badness 10000) detected at line 156
 []
 []


Underfull \hbox (badness 10000) detected at line 157
 []
 []


Underfull \hbox (badness 10000) detected at line 158
 []
 []


Underfull \hbox (badness 10000) detected at line 159
 []
 []


Underfull \hbox (badness 10000) detected at line 160
 []
 []


Underfull \hbox (badness 10000) detected at line 161
 []
 []


Underfull \hbox (badness 10000) detected at line 162
 []
 []


Underfull \hbox (badness 10000) detected at line 163
 []
 []

[21

] [22

]
Underfull \hbox (badness 10000) detected at line 172
 []
 []


Underfull \hbox (badness 10000) detected at line 173
 []
 []


Underfull \hbox (badness 10000) detected at line 174
 []
 []


Underfull \hbox (badness 10000) detected at line 175
 []
 []


Underfull \hbox (badness 10000) detected at line 176
 []
 []


Underfull \hbox (badness 10000) detected at line 177
 []
 []


Underfull \hbox (badness 10000) detected at line 178
 []
 []


Underfull \hbox (badness 10000) detected at line 179
 []
 []


Underfull \hbox (badness 10000) detected at line 180
 []
 []


Underfull \hbox (badness 10000) detected at line 181
 []
 []


Underfull \hbox (badness 10000) detected at line 182
 []
 []


Underfull \hbox (badness 10000) detected at line 183
 []
 []


Underfull \hbox (badness 10000) detected at line 184
 []
 []


Underfull \hbox (badness 10000) detected at line 185
 []
 []


Underfull \hbox (badness 10000) detected at line 186
 []
 []


Underfull \hbox (badness 10000) detected at line 187
 []
 []


Underfull \hbox (badness 10000) detected at line 188
 []
 []


Underfull \hbox (badness 10000) detected at line 189
 []
 []


Underfull \hbox (badness 10000) detected at line 190
 []
 []

[23

]
Underfull \hbox (badness 10000) detected at line 191
 []
 []


Underfull \hbox (badness 10000) detected at line 192
 []
 []


Underfull \hbox (badness 10000) detected at line 193
 []
 []


Underfull \hbox (badness 10000) detected at line 194
 []
 []


Underfull \hbox (badness 10000) detected at line 195
 []
 []


Underfull \hbox (badness 10000) detected at line 196
 []
 []


Underfull \hbox (badness 10000) detected at line 197
 []
 []


Underfull \hbox (badness 10000) detected at line 198
 []
 []


Underfull \hbox (badness 10000) detected at line 199
 []
 []


Underfull \hbox (badness 10000) detected at line 200
 []
 []


Underfull \hbox (badness 10000) detected at line 201
 []
 []


Underfull \hbox (badness 10000) detected at line 202
 []
 []

[24]

LaTeX Warning: Reference `CHmiseencontexte' on page 1 undefined on input line 2
27.

[1



] [2]
Chapitre 1
[3

] <Figures/rachis.png, id=595, 401.5pt x 624.3325pt>
File: Figures/rachis.png Graphic file (type png)

<use Figures/rachis.png>
Package pdftex.def Info: Figures/rachis.png used on input line 278.
(pdftex.def)             Requested size: 180.67224pt x 280.94702pt.
 [4 <./Figures/rachis.png>]
Overfull \hbox (16.84831pt too wide) in paragraph at lines 289--311
 [][] 
 []


Overfull \hbox (72.75537pt too wide) in paragraph at lines 319--341
 [][] 
 []

[5] [6] <Figures/jacofull.jpg, id=620, 1352.8944pt x 901.9296pt>
File: Figures/jacofull.jpg Graphic file (type jpg)

<use Figures/jacofull.jpg>
Package pdftex.def Info: Figures/jacofull.jpg used on input line 369.
(pdftex.def)             Requested size: 361.35136pt x 240.89565pt.
 [7] [8 <./Figures/jacofull.jpg>]
<Figures/emg.png, id=637, 1308.89pt x 234.8775pt>
File: Figures/emg.png Graphic file (type png)
 <use Figures/emg.png>
Package pdftex.def Info: Figures/emg.png used on input line 402.
(pdftex.def)             Requested size: 451.6875pt x 81.05432pt.

Overfull \hbox (12.79999pt too wide) in paragraph at lines 402--403
 [][] 
 []

[9 <./Figures/emg.png>] [10

]
Chapitre 2
[11] [12] [13] [14] [15] [16]

Package natbib Warning: Citation `prasad1996' on page 17 undefined on input lin
e 507.


Overfull \hbox (21.54251pt too wide) in paragraph at lines 509--510
[][]\T1/ptm/m/n/12 Tenore \T1/ptm/m/it/12 et al.[] \T1/ptm/m/n/12 ([]2007[]) on
t uti-lisé éga-le-ment un DSP de chez Texas Ins-tru-ments : un TMS320VC5509A
 []

[17] [18

]
Chapitre 3
LaTeX Font Info:    Try loading font information for OMS+ptm on input line 528.

(/usr/share/texlive/texmf-dist/tex/latex/psnfss/omsptm.fd
File: omsptm.fd 
)
LaTeX Font Info:    Font shape `OMS/ptm/m/n' in size <12> not available
(Font)              Font shape `OMS/cmsy/m/n' tried instead on input line 528.
 [19] [20]
Chapitre 4
<Figures/muscles.png, id=782, 638.385pt x 601.24625pt>
File: Figures/muscles.png Graphic file (type png)

<use Figures/muscles.png>
Package pdftex.def Info: Figures/muscles.png used on input line 549.
(pdftex.def)             Requested size: 271.01524pt x 255.24644pt.
 [21

 <./Figures/muscles.png>] [22]
<Figures/de23.png, id=798, 689.57625pt x 432.61626pt>
File: Figures/de23.png Graphic file (type png)
 <use Figures/de23.png>
Package pdftex.def Info: Figures/de23.png used on input line 582.
(pdftex.def)             Requested size: 189.70792pt x 119.01274pt.

[23] <Figures/delsysneutre.png, id=803, 469.755pt x 467.7475pt>
File: Figures/delsysneutre.png Graphic file (type png)

<use Figures/delsysneutre.png>
Package pdftex.def Info: Figures/delsysneutre.png used on input line 597.
(pdftex.def)             Requested size: 189.70792pt x 188.89426pt.
 [24 <./Figures/de23.png> <./Figures/delsysneutre.png>] [25] [26] <Figures/pic3
2.jpg, id=819, 2007.5pt x 1715.40875pt>
File: Figures/pic32.jpg Graphic file (type jpg)

<use Figures/pic32.jpg>
Package pdftex.def Info: Figures/pic32.jpg used on input line 655.
(pdftex.def)             Requested size: 189.70792pt x 162.10175pt.
 [27]

LaTeX Warning: Reference `fig:pic32' on page 28 undefined on input line 663.

[28 <./Figures/pic32.jpg>]
<Figures/inverseur.png, id=829, 494.84875pt x 303.1325pt>
File: Figures/inverseur.png Graphic file (type png)

<use Figures/inverseur.png>
Package pdftex.def Info: Figures/inverseur.png used on input line 680.
(pdftex.def)             Requested size: 271.01524pt x 166.0157pt.
 [29 <./Figures/inverseur.png>]
<Figures/sommateur.png, id=837, 464.73625pt x 327.2225pt>
File: Figures/sommateur.png Graphic file (type png)

<use Figures/sommateur.png>
Package pdftex.def Info: Figures/sommateur.png used on input line 699.
(pdftex.def)             Requested size: 271.01524pt x 190.82771pt.
 [30 <./Figures/sommateur.png>]
<Figures/circuitadapt.png, id=845, 772.8875pt x 500.87125pt>
File: Figures/circuitadapt.png Graphic file (type png)

<use Figures/circuitadapt.png>
Package pdftex.def Info: Figures/circuitadapt.png used on input line 726.
(pdftex.def)             Requested size: 271.01524pt x 175.62854pt.
 [31 <./Figures/circuitadapt.png>]
<Figures/max3232.png, id=854, 322.20375pt x 409.53pt>
File: Figures/max3232.png Graphic file (type png)

<use Figures/max3232.png>
Package pdftex.def Info: Figures/max3232.png used on input line 748.
(pdftex.def)             Requested size: 271.01524pt x 344.48401pt.
 [32]
<Figures/serialframe.png, id=865, 958.58125pt x 56.21pt>
File: Figures/serialframe.png Graphic file (type png)

<use Figures/serialframe.png>
Package pdftex.def Info: Figures/serialframe.png used on input line 765.
(pdftex.def)             Requested size: 451.6875pt x 26.48645pt.

Overfull \hbox (12.79999pt too wide) in paragraph at lines 765--766
 [][] 
 []

[33 <./Figures/max3232.png>] [34 <./Figures/serialframe.png>]
<Figures/cablagePic.png, id=877, 794.97pt x 614.295pt>
File: Figures/cablagePic.png Graphic file (type png)

<use Figures/cablagePic.png>
Package pdftex.def Info: Figures/cablagePic.png used on input line 800.
(pdftex.def)             Requested size: 451.6875pt x 349.03635pt.

Overfull \hbox (12.79999pt too wide) in paragraph at lines 800--801
 [][] 
 []

<Figures/archiMatTot.png, id=879, 794.97pt x 233.37187pt>
File: Figures/archiMatTot.png Graphic file (type png)

<use Figures/archiMatTot.png>
Package pdftex.def Info: Figures/archiMatTot.png used on input line 815.
(pdftex.def)             Requested size: 451.6875pt x 132.59958pt.

Overfull \hbox (12.79999pt too wide) in paragraph at lines 815--816
 [][] 
 []

[35]
Overfull \vbox (0.3376pt too high) has occurred while \output is active []


[36 <./Figures/cablagePic.png> <./Figures/archiMatTot.png>]
<Figures/montage.jpg, id=888, 1129.21875pt x 752.8125pt>
File: Figures/montage.jpg Graphic file (type jpg)

<use Figures/montage.jpg>
Package pdftex.def Info: Figures/montage.jpg used on input line 826.
(pdftex.def)             Requested size: 225.84375pt x 150.55983pt.
 [37 <./Figures/montage.jpg>] [38] [39]
<Figures/tkeinstant.png, id=907, 1099.10625pt x 335.2525pt>
File: Figures/tkeinstant.png Graphic file (type png)

<use Figures/tkeinstant.png>
Package pdftex.def Info: Figures/tkeinstant.png used on input line 894.
(pdftex.def)             Requested size: 361.35136pt x 110.2193pt.

<Figures/tkemoy.png, id=909, 1084.05pt x 373.395pt>
File: Figures/tkemoy.png Graphic file (type png)
 <use Figures/tkemoy.png>
Package pdftex.def Info: Figures/tkemoy.png used on input line 905.
(pdftex.def)             Requested size: 361.35136pt x 124.46278pt.

[40 <./Figures/tkeinstant.png>] [41 <./Figures/tkemoy.png>]
<Figures/tkeSeuil2.png, id=924, 806.01125pt x 700.6175pt>
File: Figures/tkeSeuil2.png Graphic file (type png)

<use Figures/tkeSeuil2.png>
Package pdftex.def Info: Figures/tkeSeuil2.png used on input line 949.
(pdftex.def)             Requested size: 271.01524pt x 235.57692pt.
 [42]
<Figures/onsetSansVote.png, id=931, 604.50844pt x 541.27219pt>
File: Figures/onsetSansVote.png Graphic file (type png)

<use Figures/onsetSansVote.png>
Package pdftex.def Info: Figures/onsetSansVote.png used on input line 964.
(pdftex.def)             Requested size: 189.70792pt x 169.85742pt.
 [43 <./Figures/tkeSeuil2.png>]
<Figures/onsetAvecVote.png, id=943, 604.50844pt x 541.27219pt>
File: Figures/onsetAvecVote.png Graphic file (type png)

<use Figures/onsetAvecVote.png>
Package pdftex.def Info: Figures/onsetAvecVote.png used on input line 985.
(pdftex.def)             Requested size: 271.01524pt x 242.66173pt.
 [44 <./Figures/onsetSansVote.png (PNG copy)>]
[45 <./Figures/onsetAvecVote.png (PNG copy)>] [46] [47] [48] [49] [50] [51]
Overfull \hbox (3.66066pt too wide) in paragraph at lines 1140--1141
[]\T1/ptm/m/n/12 Ces pé-ri-phé-riques pos-sèdent des in-ter-rup-tions, qui per-
mettent de si-gni-fier au pro-gramme lorsque
 []

[52] [53] <Figures/mainloop.png, id=1021, 386.94562pt x 652.68843pt>
File: Figures/mainloop.png Graphic file (type png)

<use Figures/mainloop.png>
Package pdftex.def Info: Figures/mainloop.png used on input line 1174.
(pdftex.def)             Requested size: 271.01524pt x 457.14769pt.

<Figures/adc.png, id=1023, 386.94562pt x 652.68843pt>
File: Figures/adc.png Graphic file (type png)
 <use Figures/adc.png>
Package pdftex.def Info: Figures/adc.png used on input line 1191.
(pdftex.def)             Requested size: 271.01524pt x 457.14769pt.

[54] [55 <./Figures/mainloop.png>] [56 <./Figures/adc.png>] [57] [58]
<Figures/mono.png, id=1047, 284.56313pt x 170.88844pt>
File: Figures/mono.png Graphic file (type png)
 <use Figures/mono.png>
Package pdftex.def Info: Figures/mono.png used on input line 1243.
(pdftex.def)             Requested size: 361.35136pt x 217.02328pt.

[59 <./Figures/mono.png>]
<Figures/ClassDiagram.png, id=1053, 680.5425pt x 415.5525pt>
File: Figures/ClassDiagram.png Graphic file (type png)

<use Figures/ClassDiagram.png>
Package pdftex.def Info: Figures/ClassDiagram.png used on input line 1264.
(pdftex.def)             Requested size: 361.35136pt x 220.64758pt.
 [60 <./Figures/ClassDiagram.png>]
<Figures/gui1.png, id=1062, 301.125pt x 254.45062pt>
File: Figures/gui1.png Graphic file (type png)
 <use Figures/gui1.png>
Package pdftex.def Info: Figures/gui1.png used on input line 1288.
(pdftex.def)             Requested size: 361.35136pt x 305.37027pt.

<Figures/gui2.png, id=1063, 950.55125pt x 796.9775pt>
File: Figures/gui2.png Graphic file (type png)
 <use Figures/gui2.png>
Package pdftex.def Info: Figures/gui2.png used on input line 1297.
(pdftex.def)             Requested size: 361.35136pt x 302.96404pt.

<Figures/gui3.png, id=1064, 951.555pt x 797.98125pt>
File: Figures/gui3.png Graphic file (type png)
 <use Figures/gui3.png>
Package pdftex.def Info: Figures/gui3.png used on input line 1306.
(pdftex.def)             Requested size: 361.35136pt x 303.02902pt.

[61] [62 <./Figures/gui1.png>] [63 <./Figures/gui2.png>]
<Figures/rotationtete.png, id=1080, 284.56313pt x 227.34938pt>
File: Figures/rotationtete.png Graphic file (type png)

<use Figures/rotationtete.png>
Package pdftex.def Info: Figures/rotationtete.png used on input line 1355.
(pdftex.def)             Requested size: 271.01524pt x 216.54613pt.
 [64 <./Figures/gui3.png>] [65 <./Figures/rotationtete.png>] <Figures/validExAn
gle.png, id=1093, 590.205pt x 513.41812pt>
File: Figures/validExAngle.png Graphic file (type png)

<use Figures/validExAngle.png>
Package pdftex.def Info: Figures/validExAngle.png used on input line 1394.
(pdftex.def)             Requested size: 180.67224pt x 157.16026pt.

Overfull \hbox (12.79999pt too wide) in paragraph at lines 1394--1395
[][] 
 []

<Figures/validExVit.png, id=1094, 590.205pt x 513.41812pt>
File: Figures/validExVit.png Graphic file (type png)

<use Figures/validExVit.png>
Package pdftex.def Info: Figures/validExVit.png used on input line 1402.
(pdftex.def)             Requested size: 180.67224pt x 157.16026pt.

Overfull \hbox (12.79999pt too wide) in paragraph at lines 1402--1403
[][] 
 []

<Figures/validExEMG.png, id=1095, 590.205pt x 513.41812pt>
File: Figures/validExEMG.png Graphic file (type png)

<use Figures/validExEMG.png>
Package pdftex.def Info: Figures/validExEMG.png used on input line 1410.
(pdftex.def)             Requested size: 180.67224pt x 157.16026pt.

Overfull \hbox (12.79999pt too wide) in paragraph at lines 1410--1411
[][] 
 []

<Figures/validExOnset.png, id=1096, 590.205pt x 513.41812pt>
File: Figures/validExOnset.png Graphic file (type png)

<use Figures/validExOnset.png>
Package pdftex.def Info: Figures/validExOnset.png used on input line 1418.
(pdftex.def)             Requested size: 180.67224pt x 157.16026pt.

Overfull \hbox (12.79999pt too wide) in paragraph at lines 1418--1419
[][] 
 []

[66]

LaTeX Warning: Command \' invalid in math mode on input line 1435.

Missing character: There is no é in font cmr12!

LaTeX Warning: Command \' invalid in math mode on input line 1435.

Missing character: There is no é in font cmr12!
[67 <./Figures/validExAngle.png (PNG copy)> <./Figures/validExVit.png (PNG copy
)> <./Figures/validExEMG.png (PNG copy)> <./Figures/validExOnset.png (PNG copy)
>] [68] [69] [70

]
Chapitre 5
<Figures/onset.png, id=1126, 1120.185pt x 706.64pt>
File: Figures/onset.png Graphic file (type png)
 <use Figures/onset.png>
Package pdftex.def Info: Figures/onset.png used on input line 1478.
(pdftex.def)             Requested size: 271.01524pt x 170.96643pt.

[71 <./Figures/onset.png>]
<Figures/montageglobal.png, id=1132, 1007.05206pt x 484.27654pt>
File: Figures/montageglobal.png Graphic file (type png)

<use Figures/montageglobal.png>
Package pdftex.def Info: Figures/montageglobal.png used on input line 1495.
(pdftex.def)             Requested size: 271.01524pt x 130.32782pt.
 [72 <./Figures/montageglobal.png>]
<Figures/chronogrammes.png, id=1139, 585.387pt x 555.2745pt>
File: Figures/chronogrammes.png Graphic file (type png)

<use Figures/chronogrammes.png>
Package pdftex.def Info: Figures/chronogrammes.png used on input line 1516.
(pdftex.def)             Requested size: 271.01524pt x 257.07309pt.

<Figures/effSujets.png, id=1140, 1028.34187pt x 485.56406pt>
File: Figures/effSujets.png Graphic file (type png)

<use Figures/effSujets.png>
Package pdftex.def Info: Figures/effSujets.png used on input line 1527.
(pdftex.def)             Requested size: 361.35136pt x 170.62419pt.
 [73 <./Figures/chronogrammes.png>]
<Figures/compEff.png, id=1146, 1028.34187pt x 502.87875pt>
File: Figures/compEff.png Graphic file (type png)

<use Figures/compEff.png>
Package pdftex.def Info: Figures/compEff.png used on input line 1536.
(pdftex.def)             Requested size: 361.35136pt x 176.70847pt.

<Figures/effStats.png, id=1147, 1028.34187pt x 485.56406pt>
File: Figures/effStats.png Graphic file (type png)

<use Figures/effStats.png>
Package pdftex.def Info: Figures/effStats.png used on input line 1545.
(pdftex.def)             Requested size: 361.35136pt x 170.62419pt.

<Figures/anglesMax.png, id=1148, 1028.34187pt x 502.87875pt>
File: Figures/anglesMax.png Graphic file (type png)

<use Figures/anglesMax.png>
Package pdftex.def Info: Figures/anglesMax.png used on input line 1554.
(pdftex.def)             Requested size: 361.35136pt x 176.70847pt.

<Figures/vitessesMax.png, id=1149, 1028.34187pt x 485.56406pt>
File: Figures/vitessesMax.png Graphic file (type png)

<use Figures/vitessesMax.png>
Package pdftex.def Info: Figures/vitessesMax.png used on input line 1563.
(pdftex.def)             Requested size: 361.35136pt x 170.62419pt.
 [74 <./Figures/effSujets.png (PNG copy)> <./Figures/compEff.png (PNG copy)>] [
75 <./Figures/effStats.png (PNG copy)> <./Figures/anglesMax.png (PNG copy)>] [7
6 <./Figures/vitessesMax.png (PNG copy)>]
Chapitre 6
<Figures/chronogrammeDiscussion.png, id=1162, 675.52374pt x 357.335pt>
File: Figures/chronogrammeDiscussion.png Graphic file (type png)

<use Figures/chronogrammeDiscussion.png>
Package pdftex.def Info: Figures/chronogrammeDiscussion.png used on input line 
1584.
(pdftex.def)             Requested size: 361.35136pt x 191.1478pt.
 [77

] [78 <./Figures/chronogrammeDiscussion.png>] [79] [80

] [81] [82

]
Annexe I
LaTeX Font Info:    Font shape `T1/ptm/bx/n' in size <17.28> not available
(Font)              Font shape `T1/ptm/b/n' tried instead on input line 1642.

Package natbib Warning: Citation `Bha10' on page 83 undefined on input line 164
5.

<Figures/logoets.jpg, id=1190, 209.78375pt x 53.19875pt>
File: Figures/logoets.jpg Graphic file (type jpg)

<use Figures/logoets.jpg>
Package pdftex.def Info: Figures/logoets.jpg used on input line 1658.
(pdftex.def)             Requested size: 209.78322pt x 53.19861pt.
Package hyperref Info: bookmark level for unknown figureap defaults to 0 on inp
ut line 1660.
Package hyperref Info: bookmark level for unknown tableap defaults to 0 on inpu
t line 1670.
 [83 <./Figures/logoets.jpg>] [84] (./refs.bbl
[85] [86

]) [87] (./mainETS.bbl [88

] [89]
Underfull \hbox (badness 6332) in paragraph at lines 117--122
[]\T1/ptm/m/n/12 Maxim In-te-gra-ted Pro-ducts Inc, a.  2007.  ^^S Do-cu-men-ta
-tion des com-po-sants
 []

)

Package natbib Warning: There were undefined citations.

Package atveryend Info: Empty hook `BeforeClearDocument' on input line 1741.
[90]
Package atveryend Info: Empty hook `AfterLastShipout' on input line 1741.
 (./mainETS.aux)
Package atveryend Info: Executing hook `AtVeryEndDocument' on input line 1741.


 *File List*
   thETS.cls    2003/01/24 Standard ETS class
    book.cls    2007/10/19 v1.4h Standard LaTeX document class
    bk12.clo    2007/10/19 v1.4h Standard LaTeX file (size option)
   times.sty    2005/04/12 PSNFSS-v9.2a (SPQR) 
   babel.sty    2008/07/08 v3.8m The Babel package
 frenchb.ldf    2010/08/21 v2.5a French support from the babel system
 frenchb.cfg
scalefnt.sty    
  keyval.sty    1999/03/16 v1.13 key=value parser (DPC)
inputenc.sty    2008/03/30 v1.1d Input encoding file
    utf8.def    2008/04/05 v1.1m UTF-8 support for inputenc
   t1enc.dfu    2008/04/05 v1.1m UTF-8 support for inputenc
  ot1enc.dfu    2008/04/05 v1.1m UTF-8 support for inputenc
  omsenc.dfu    2008/04/05 v1.1m UTF-8 support for inputenc
 fontenc.sty
   t1enc.def    2005/09/27 v1.99g Standard LaTeX file
    calc.sty    2007/08/22 v4.3 Infix arithmetic (KKT,FJ)
setspace.sty    2011/12/19 v6.7a set line spacing
  ifthen.sty    2001/05/26 v1.1c Standard LaTeX ifthen package (DPC)
amsfonts.sty    2009/06/22 v3.00 Basic AMSFonts support
 amsmath.sty    2000/07/18 v2.13 AMS math features
 amstext.sty    2000/06/29 v2.01
  amsgen.sty    1999/11/30 v2.0
  amsbsy.sty    1999/11/29 v1.2d
  amsopn.sty    1999/12/14 v2.01 operator names
 amssymb.sty    2009/06/22 v3.00
 amsxtra.sty    1999/11/15 v1.2c
longtable.sty    2004/02/01 v4.11 Multi-page Table package (DPC)
   float.sty    2001/11/08 v1.3d Float enhancements (AL)
listings.sty    2007/02/22 1.4 (Carsten Heinz)
 lstmisc.sty    2007/02/22 1.4 (Carsten Heinz)
listings.cfg    2007/02/22 1.4 listings configuration
geometry.sty    2010/09/12 v5.6 Page Geometry
   ifpdf.sty    2011/01/30 v2.3 Provides the ifpdf switch (HO)
  ifvtex.sty    2010/03/01 v1.5 Detect VTeX and its facilities (HO)
 ifxetex.sty    2010/09/12 v0.6 Provides ifxetex conditional
fancyhdr.sty    
  subfig.sty    2005/06/28 ver: 1.3 subfig package
caption3.sty    2012/01/12 v1.4b caption3 kernel (AR)
   tabto.sty    
hyperref.sty    2012/05/13 v6.82q Hypertext links for LaTeX
hobsub-hyperref.sty    2012/05/28 v1.13 Bundle oberdiek, subset hyperref (HO)
hobsub-generic.sty    2012/05/28 v1.13 Bundle oberdiek, subset generic (HO)
  hobsub.sty    2012/05/28 v1.13 Construct package bundles (HO)
infwarerr.sty    2010/04/08 v1.3 Providing info/warning/error messages (HO)
 ltxcmds.sty    2011/11/09 v1.22 LaTeX kernel commands for general use (HO)
ifluatex.sty    2010/03/01 v1.3 Provides the ifluatex switch (HO)
 intcalc.sty    2007/09/27 v1.1 Expandable calculations with integers (HO)
etexcmds.sty    2011/02/16 v1.5 Avoid name clashes with e-TeX commands (HO)
kvsetkeys.sty    2012/04/25 v1.16 Key value parser (HO)
kvdefinekeys.sty    2011/04/07 v1.3 Define keys (HO)
pdftexcmds.sty    2011/11/29 v0.20 Utility functions of pdfTeX for LuaTeX (HO)
pdfescape.sty    2011/11/25 v1.13 Implements pdfTeX's escape features (HO)
bigintcalc.sty    2012/04/08 v1.3 Expandable calculations on big integers (HO)
  bitset.sty    2011/01/30 v1.1 Handle bit-vector datatype (HO)
uniquecounter.sty    2011/01/30 v1.2 Provide unlimited unique counter (HO)
letltxmacro.sty    2010/09/02 v1.4 Let assignment for LaTeX macros (HO)
 hopatch.sty    2012/05/28 v1.2 Wrapper for package hooks (HO)
xcolor-patch.sty    2011/01/30 xcolor patch
atveryend.sty    2011/06/30 v1.8 Hooks at the very end of document (HO)
atbegshi.sty    2011/10/05 v1.16 At begin shipout hook (HO)
refcount.sty    2011/10/16 v3.4 Data extraction from label references (HO)
 hycolor.sty    2011/01/30 v1.7 Color options for hyperref/bookmark (HO)
kvoptions.sty    2011/06/30 v3.11 Key value format for package options (HO)
  pd1enc.def    2012/05/13 v6.82q Hyperref: PDFDocEncoding definition (HO)
hyperref.cfg    2002/06/06 v1.2 hyperref configuration of TeXLive
     url.sty    2006/04/12  ver 3.3  Verb mode for urls, etc.
 hpdftex.def    2012/05/13 v6.82q Hyperref driver for pdfTeX
rerunfilecheck.sty    2011/04/15 v1.7 Rerun checks for auxiliary files (HO)
 caption.sty    2012/02/19 v3.2f Customizing captions (AR)
ltcaption.sty    2011/09/12 v1.3 longtable captions (AR)
  amsthm.sty    2009/07/02 v2.20.1
newfloat.sty    2011/11/16 v1.0a Defining new floating environments (AR)
graphicx.sty    1999/02/16 v1.0f Enhanced LaTeX Graphics (DPC,SPQR)
graphics.sty    2009/02/05 v1.0o Standard LaTeX Graphics (DPC,SPQR)
    trig.sty    1999/03/16 v1.09 sin cos tan (DPC)
graphics.cfg    2010/04/23 v1.9 graphics configuration of TeX Live
  pdftex.def    2011/05/27 v0.06d Graphics/color for pdfTeX
natbibETS.sty    2000/07/24 7.0a (PWD)
multibib.sty    2008/12/10 v1.4 Multiple bibliographies for one document.
    refs.aux
   t1ptm.fd    2001/06/04 font definitions for T1/ptm.
 nameref.sty    2010/04/30 v2.40 Cross-referencing by name of section
gettitlestring.sty    2010/12/03 v1.4 Cleanup title references (HO)
 mainETS.out
 mainETS.out
supp-pdf.mkii
epstopdf-base.sty    2010/02/09 v2.5 Base part for package epstopdf
  grfext.sty    2010/08/19 v1.1 Manage graphics extensions (HO)
epstopdf-sys.cfg    2010/07/13 v1.3 Configuration of (r)epstopdf for TeX Live
Figures/logocc.pdf
Figures/logocc.pdf
    umsa.fd    2009/06/22 v3.00 AMS symbols A
    umsb.fd    2009/06/22 v3.00 AMS symbols B
Figures/rachis.png
Figures/jacofull.jpg
Figures/emg.png
  omsptm.fd    
Figures/muscles.png
Figures/de23.png
Figures/delsysneutre.png
Figures/pic32.jpg
Figures/inverseur.png
Figures/sommateur.png
Figures/circuitadapt.png
Figures/max3232.png
Figures/serialframe.png
Figures/cablagePic.png
Figures/archiMatTot.png
Figures/montage.jpg
Figures/tkeinstant.png
Figures/tkemoy.png
Figures/tkeSeuil2.png
Figures/onsetSansVote.png
Figures/onsetAvecVote.png
Figures/mainloop.png
Figures/adc.png
Figures/mono.png
Figures/ClassDiagram.png
Figures/gui1.png
Figures/gui2.png
Figures/gui3.png
Figures/rotationtete.png
Figures/validExAngle.png
Figures/validExVit.png
Figures/validExEMG.png
Figures/validExOnset.png
Figures/onset.png
Figures/montageglobal.png
Figures/chronogrammes.png
Figures/effSujets.png
Figures/compEff.png
Figures/effStats.png
Figures/anglesMax.png
Figures/vitessesMax.png
Figures/chronogrammeDiscussion.png
Figures/logoets.jpg
    refs.bbl
 mainETS.bbl
 ***********

Package atveryend Info: Executing hook `AtEndAfterFileList' on input line 1741.

Package rerunfilecheck Info: File `mainETS.out' has not changed.
(rerunfilecheck)             Checksum: 3E937491F981AC40CE00254FF39897F4;5268.

LaTeX Warning: There were undefined references.


LaTeX Warning: There were multiply-defined labels.

Package atveryend Info: Empty hook `AtVeryVeryEnd' on input line 1741.
 ) 
Here is how much of TeX's memory you used:
 11674 strings out of 495030
 168322 string characters out of 3180761
 273492 words of memory out of 3000000
 14350 multiletter control sequences out of 15000+200000
 38316 words of font info for 55 fonts, out of 3000000 for 9000
 14 hyphenation exceptions out of 8191
 43i,11n,45p,1258b,580s stack positions out of 5000i,500n,10000p,200000b,50000s
{/usr/share/texlive/texmf-dist/fonts/enc/dvips/base/8r.enc}</usr/share/texliv
e/texmf-dist/fonts/type1/public/amsfonts/cm/cmbx12.pfb></usr/share/texlive/texm
f-dist/fonts/type1/public/amsfonts/cm/cmbx8.pfb></usr/share/texlive/texmf-dist/
fonts/type1/public/amsfonts/cm/cmex10.pfb></usr/share/texlive/texmf-dist/fonts/
type1/public/amsfonts/cm/cmmi12.pfb></usr/share/texlive/texmf-dist/fonts/type1/
public/amsfonts/cm/cmmi8.pfb></usr/share/texlive/texmf-dist/fonts/type1/public/
amsfonts/cm/cmr12.pfb></usr/share/texlive/texmf-dist/fonts/type1/public/amsfont
s/cm/cmr6.pfb></usr/share/texlive/texmf-dist/fonts/type1/public/amsfonts/cm/cmr
8.pfb></usr/share/texlive/texmf-dist/fonts/type1/public/amsfonts/cm/cmsy10.pfb>
</usr/share/texlive/texmf-dist/fonts/type1/public/amsfonts/cm/cmsy8.pfb></usr/s
hare/texlive/texmf-dist/fonts/type1/urw/times/utmb8a.pfb></usr/share/texlive/te
xmf-dist/fonts/type1/urw/times/utmr8a.pfb></usr/share/texlive/texmf-dist/fonts/
type1/urw/times/utmri8a.pfb>
Output written on mainETS.pdf (114 pages, 8219958 bytes).
PDF statistics:
 1354 PDF objects out of 1440 (max. 8388607)
 1158 compressed objects within 12 object streams
 279 named destinations out of 1000 (max. 500000)
 752 words of extra memory for PDF output out of 10000 (max. 10000000)

