\BOOKMARK [0][]{chapter*.8}{INTRODUCTION}{}% 1
\BOOKMARK [0][]{chapter.9}{Chapitre 1 mise en contexte}{}% 2
\BOOKMARK [1][]{section.10}{Les Bless\351s M\351dullaires}{chapter.9}% 3
\BOOKMARK [1][]{section.11}{Les aides techniques aux actions de la vie quotidienne \(AVQ\)}{chapter.9}% 4
\BOOKMARK [1][]{section.12}{Le Signal \311lectromyographique \(EMG\)}{chapter.9}% 5
\BOOKMARK [0][]{chapter.13}{Chapitre 2 Revue de Litt\351rature}{}% 6
\BOOKMARK [1][]{section.14}{Classification EMG}{chapter.13}% 7
\BOOKMARK [2][-]{subsection.15}{Fen\352trage du signal}{section.14}% 8
\BOOKMARK [2][-]{subsection.16}{Algorithmes de d\351tection d'activit\351}{section.14}% 9
\BOOKMARK [2][-]{subsection.17}{Caract\351ristiques du signal EMG utilis\351es}{section.14}% 10
\BOOKMARK [2][-]{subsection.18}{Classificateurs utilis\351s dans la d\351tection de mouvements}{section.14}% 11
\BOOKMARK [1][]{section.19}{Syst\350mes Embarqu\351s temps r\351els et EMG}{chapter.13}% 12
\BOOKMARK [2][-]{subsection.20}{Le traitement temps r\351el}{section.19}% 13
\BOOKMARK [2][-]{subsection.21}{M\351thodes d'acquisition du signal}{section.19}% 14
\BOOKMARK [2][-]{subsection.22}{Mat\351riel informatique utilis\351 dans la litt\351rature}{section.19}% 15
\BOOKMARK [0][]{chapter.23}{Chapitre 3 Probl\351matique et Objectifs du Projet}{}% 16
\BOOKMARK [0][]{chapter.24}{Chapitre 4 M\351thodologie}{}% 17
\BOOKMARK [1][]{section.25}{Choix des Muslces}{chapter.24}% 18
\BOOKMARK [1][]{section.27}{Architecture Mat\351rielle}{chapter.24}% 19
\BOOKMARK [2][-]{subsection.28}{\311lectrodes}{section.27}% 20
\BOOKMARK [2][-]{subsection.31}{Microcontr\364leur}{section.27}% 21
\BOOKMARK [2][-]{subsection.33}{Adaptation des Tensions}{section.27}% 22
\BOOKMARK [2][-]{subsection.40}{Liaison \340 l'Ordinateur}{section.27}% 23
\BOOKMARK [2][-]{subsection.43}{Liaison \340 Jaco}{section.27}% 24
\BOOKMARK [2][-]{subsection.44}{Sch\351ma mat\351riel Global}{section.27}% 25
\BOOKMARK [1][]{section.47}{Choix des Caract\351ristiques du Signal \340 utiliser et des Outils algorithmiques et Math\351matiques}{chapter.24}% 26
\BOOKMARK [2][-]{subsection.48}{D\351coupage des fen\352tres d'\351chantillons}{section.47}% 27
\BOOKMARK [2][-]{subsection.49}{D\351tection d'activit\351 musculaire}{section.47}% 28
\BOOKMARK [3][-]{subsubsection.50}{\311nergie de Teager-Keiser}{subsection.49}% 29
\BOOKMARK [3][-]{subsubsection.51}{Vote \340 la majorit\351}{subsection.49}% 30
\BOOKMARK [3][-]{subsubsection.52}{Calibrage}{subsection.49}% 31
\BOOKMARK [2][-]{subsection.53}{Filtrage}{section.47}% 32
\BOOKMARK [3][-]{subsubsection.54}{Description du Filtre}{subsection.53}% 33
\BOOKMARK [3][-]{subsubsection.55}{Calibrage du Filtre}{subsection.53}% 34
\BOOKMARK [1][]{section.56}{Architecture Logicielle}{chapter.24}% 35
\BOOKMARK [2][-]{subsection.57}{Firmware}{section.56}% 36
\BOOKMARK [3][-]{subsubsection.58}{Fonctionnement et Configuration Globale du PIC32}{subsection.57}% 37
\BOOKMARK [3][-]{subsubsection.59}{Alogorithme global}{subsection.57}% 38
\BOOKMARK [2][-]{subsection.60}{Application de monitorage des signaux}{section.56}% 39
\BOOKMARK [3][-]{subsubsection.61}{Choix des Librairies et des langages}{subsection.60}% 40
\BOOKMARK [3][-]{subsubsection.62}{Fonctionnement Global et Sch\351ma UML du Projet}{subsection.60}% 41
\BOOKMARK [3][-]{subsubsection.63}{Lien avec Jaco et Mono}{subsection.60}% 42
\BOOKMARK [1][]{section.64}{Validation du Syst\350me}{chapter.24}% 43
\BOOKMARK [2][-]{subsection.65}{Protocole de validation}{section.64}% 44
\BOOKMARK [3][-]{subsubsection.66}{Mode de recrutement}{subsection.65}% 45
\BOOKMARK [3][-]{subsubsection.67}{Principe de fonctionnement}{subsection.65}% 46
\BOOKMARK [3][-]{subsubsection.68}{Protocole exp\351rimental}{subsection.65}% 47
\BOOKMARK [3][-]{subsubsection.69}{D\351roulement des acquisitions}{subsection.65}% 48
\BOOKMARK [3][-]{subsubsection.70}{Notes importantes}{subsection.65}% 49
\BOOKMARK [3][-]{subsubsection.71}{Exemple de donn\351es r\351colt\351es}{subsection.65}% 50
\BOOKMARK [3][-]{subsubsection.73}{Interpr\351tation des donn\351es}{subsection.65}% 51
\BOOKMARK [3][-]{subsubsection.77}{Comparaison des donn\351es}{subsection.65}% 52
\BOOKMARK [0][]{chapter.78}{Chapitre 5 R\351sultats}{}% 53
\BOOKMARK [1][]{section.79}{D\351tection d'activit\351}{chapter.78}% 54
\BOOKMARK [1][]{section.80}{Temps de calcul et chronogrammes}{chapter.78}% 55
\BOOKMARK [1][]{section.81}{Validation du syst\350me}{chapter.78}% 56
\BOOKMARK [0][]{chapter.82}{Chapitre 6 Discussion}{}% 57
\BOOKMARK [0][]{chapter*.83}{CONCLUSION}{}% 58
\BOOKMARK [0][]{chapter.84}{Annexe I Titre de l'annexe}{}% 59
\BOOKMARK [0][]{subsection.90}{LISTE DE R\311F\311RENCES}{}% 60
\BOOKMARK [0][]{chapter*.91}{BIBLIOGRAPHIE}{}% 61
